Determining if the pthread_create exist failed with the following output:
Change Dir: /home/madel/Desktop/University/Industrial informatics/memoryleak/build/CMakeFiles/CMakeTmp

Run Build Command:"/usr/bin/make" "cmTC_19e37/fast"
/usr/bin/make -f CMakeFiles/cmTC_19e37.dir/build.make CMakeFiles/cmTC_19e37.dir/build
make[1]: Entering directory '/home/madel/Desktop/University/Industrial informatics/memoryleak/build/CMakeFiles/CMakeTmp'
Building C object CMakeFiles/cmTC_19e37.dir/CheckSymbolExists.c.o
/usr/bin/cc    -o CMakeFiles/cmTC_19e37.dir/CheckSymbolExists.c.o   -c "/home/madel/Desktop/University/Industrial informatics/memoryleak/build/CMakeFiles/CMakeTmp/CheckSymbolExists.c"
Linking C executable cmTC_19e37
/usr/bin/cmake -E cmake_link_script CMakeFiles/cmTC_19e37.dir/link.txt --verbose=1
/usr/bin/cc      -rdynamic CMakeFiles/cmTC_19e37.dir/CheckSymbolExists.c.o  -o cmTC_19e37 
CMakeFiles/cmTC_19e37.dir/CheckSymbolExists.c.o: In function `main':
CheckSymbolExists.c:(.text+0x1b): undefined reference to `pthread_create'
collect2: error: ld returned 1 exit status
CMakeFiles/cmTC_19e37.dir/build.make:97: recipe for target 'cmTC_19e37' failed
make[1]: *** [cmTC_19e37] Error 1
make[1]: Leaving directory '/home/madel/Desktop/University/Industrial informatics/memoryleak/build/CMakeFiles/CMakeTmp'
Makefile:126: recipe for target 'cmTC_19e37/fast' failed
make: *** [cmTC_19e37/fast] Error 2

File /home/madel/Desktop/University/Industrial informatics/memoryleak/build/CMakeFiles/CMakeTmp/CheckSymbolExists.c:
/* */
#include <pthread.h>

int main(int argc, char** argv)
{
  (void)argv;
#ifndef pthread_create
  return ((int*)(&pthread_create))[argc];
#else
  (void)argc;
  return 0;
#endif
}

Determining if the function pthread_create exists in the pthreads failed with the following output:
Change Dir: /home/madel/Desktop/University/Industrial informatics/memoryleak/build/CMakeFiles/CMakeTmp

Run Build Command:"/usr/bin/make" "cmTC_27f77/fast"
/usr/bin/make -f CMakeFiles/cmTC_27f77.dir/build.make CMakeFiles/cmTC_27f77.dir/build
make[1]: Entering directory '/home/madel/Desktop/University/Industrial informatics/memoryleak/build/CMakeFiles/CMakeTmp'
Building C object CMakeFiles/cmTC_27f77.dir/CheckFunctionExists.c.o
/usr/bin/cc   -DCHECK_FUNCTION_EXISTS=pthread_create   -o CMakeFiles/cmTC_27f77.dir/CheckFunctionExists.c.o   -c /usr/share/cmake-3.10/Modules/CheckFunctionExists.c
Linking C executable cmTC_27f77
/usr/bin/cmake -E cmake_link_script CMakeFiles/cmTC_27f77.dir/link.txt --verbose=1
/usr/bin/cc  -DCHECK_FUNCTION_EXISTS=pthread_create    -rdynamic CMakeFiles/cmTC_27f77.dir/CheckFunctionExists.c.o  -o cmTC_27f77 -lpthreads 
/usr/bin/ld: cannot find -lpthreads
collect2: error: ld returned 1 exit status
CMakeFiles/cmTC_27f77.dir/build.make:97: recipe for target 'cmTC_27f77' failed
make[1]: *** [cmTC_27f77] Error 1
make[1]: Leaving directory '/home/madel/Desktop/University/Industrial informatics/memoryleak/build/CMakeFiles/CMakeTmp'
Makefile:126: recipe for target 'cmTC_27f77/fast' failed
make: *** [cmTC_27f77/fast] Error 2


